<?xml version="1.0" encoding="UTF-8"?>
<!-- Generated by org.testng.reporters.JUnitReportReporter -->
<testsuite hostname="W2132941" name="com.automation.todo.positive.CreateNewTodoItemValidation" tests="1" failures="0" timestamp="30 Jun 2022 04:18:52 GMT" time="7.491" errors="0">
  <testcase name="CreateNewTodoItemValidationTest" time="7.491" classname="com.automation.todo.positive.CreateNewTodoItemValidation"/>
</testsuite> <!-- com.automation.todo.positive.CreateNewTodoItemValidation -->
