<?xml version="1.0" encoding="UTF-8"?>
<!-- Generated by org.testng.reporters.JUnitReportReporter -->
<testsuite hostname="W2132941" name="com.automation.todo.negative.ValidateInputBoundaryNegativeCase" tests="1" failures="0" timestamp="30 Jun 2022 04:18:52 GMT" time="4.450" errors="0">
  <testcase name="ValidateInputBoundaryNegativeCaseTest" time="4.450" classname="com.automation.todo.negative.ValidateInputBoundaryNegativeCase"/>
</testsuite> <!-- com.automation.todo.negative.ValidateInputBoundaryNegativeCase -->
