<?xml version="1.0" encoding="UTF-8"?>
<!-- Generated by org.testng.reporters.JUnitReportReporter -->
<testsuite hostname="W2132941" name="com.automation.todo.negative.CancelEditValidation" tests="1" failures="0" timestamp="30 Jun 2022 04:18:52 GMT" time="5.303" errors="0">
  <testcase name="CancelEditValidationTest" time="5.303" classname="com.automation.todo.negative.CancelEditValidation"/>
</testsuite> <!-- com.automation.todo.negative.CancelEditValidation -->
