<?xml version="1.0" encoding="UTF-8"?>
<!-- Generated by org.testng.reporters.JUnitReportReporter -->
<testsuite hostname="W2132941" name="com.automation.todo.positive.MarkAsCompleteValidation" tests="1" failures="0" timestamp="30 Jun 2022 04:18:52 GMT" time="29.751" errors="0">
  <testcase name="MarkAsCompleteValidationTest" time="29.751" classname="com.automation.todo.positive.MarkAsCompleteValidation"/>
</testsuite> <!-- com.automation.todo.positive.MarkAsCompleteValidation -->
