<?xml version="1.0" encoding="UTF-8"?>
<!-- Generated by org.testng.reporters.JUnitReportReporter -->
<testsuite hostname="W2132941" failures="0" tests="1" name="com.automation.todo.positive.ClearMultipleTasksValidation" time="21.133" errors="0" timestamp="2022-06-29T07:16:26 IST" skipped="0">
  <testcase classname="com.automation.todo.positive.ClearMultipleTasksValidation" name="ClearMultipleTasksValidationTest" time="21.133"/>
  <system-out/>
</testsuite> <!-- com.automation.todo.positive.ClearMultipleTasksValidation -->
