<?xml version="1.0" encoding="UTF-8"?>
<!-- Generated by org.testng.reporters.JUnitReportReporter -->
<testsuite hostname="W2132941" failures="0" tests="1" name="com.automation.todo.positive.EditTaskValidation" time="7.513" errors="0" timestamp="2022-06-29T10:10:35 IST" skipped="0">
  <testcase classname="com.automation.todo.positive.EditTaskValidation" name="EditTaskValidationTest" time="7.513"/>
  <system-out/>
</testsuite> <!-- com.automation.todo.positive.EditTaskValidation -->
