<?xml version="1.0" encoding="UTF-8"?>
<!-- Generated by org.testng.reporters.JUnitReportReporter -->
<testsuite hostname="W2132941" failures="0" tests="1" name="com.automation.todo.positive.CreateNewTodoItemValidation" time="6.594" errors="0" timestamp="2022-06-28T17:48:53 IST" skipped="0">
  <testcase classname="com.automation.todo.positive.CreateNewTodoItemValidation" name="CreateNewTodoItemValidationTest" time="6.594"/>
  <system-out/>
</testsuite> <!-- com.automation.todo.positive.CreateNewTodoItemValidation -->
