<?xml version="1.0" encoding="UTF-8"?>
<!-- Generated by org.testng.reporters.JUnitReportReporter -->
<testsuite hostname="W2132941" failures="0" tests="1" name="com.automation.todo.positive.ClearMultipleTaskValidation" time="21.163" errors="0" timestamp="2022-06-28T22:04:43 IST" skipped="0">
  <testcase classname="com.automation.todo.positive.ClearMultipleTaskValidation" name="ClearMultipleTaskValidationTest" time="21.163"/>
  <system-out/>
</testsuite> <!-- com.automation.todo.positive.ClearMultipleTaskValidation -->
