<?xml version="1.0" encoding="UTF-8"?>
<!-- Generated by org.testng.reporters.JUnitReportReporter -->
<testsuite hostname="W2132941" failures="0" tests="1" name="com.automation.todo.negative.ValidateInputBoundaryNegativeCase" time="7.935" errors="0" timestamp="2022-06-30T08:22:23 IST" skipped="0">
  <testcase classname="com.automation.todo.negative.ValidateInputBoundaryNegativeCase" name="ValidateInputBoundaryNegativeCaseTest" time="7.935"/>
  <system-out/>
</testsuite> <!-- com.automation.todo.negative.ValidateInputBoundaryNegativeCase -->
