<?xml version="1.0" encoding="UTF-8"?>
<!-- Generated by org.testng.reporters.JUnitReportReporter -->
<testsuite hostname="W2132941" failures="0" tests="1" name="com.automation.todo.positive.MarkAsCompleteValidation" time="29.562" errors="0" timestamp="2022-06-29T06:44:28 IST" skipped="0">
  <testcase classname="com.automation.todo.positive.MarkAsCompleteValidation" name="MarkAsCompleteValidationTest" time="29.562"/>
  <system-out/>
</testsuite> <!-- com.automation.todo.positive.MarkAsCompleteValidation -->
