<?xml version="1.0" encoding="UTF-8"?>
<!-- Generated by org.testng.reporters.JUnitReportReporter -->
<testsuite hostname="W2132941" failures="0" tests="1" name="com.automation.todo.negative.AddMultipleTasksNegativeValidation" time="11.815" errors="0" timestamp="2022-06-30T08:28:58 IST" skipped="0">
  <testcase classname="com.automation.todo.negative.AddMultipleTasksNegativeValidation" name="AddMultipleTasksNegativeValidationTest" time="11.815"/>
  <system-out/>
</testsuite> <!-- com.automation.todo.negative.AddMultipleTasksNegativeValidation -->
